<?xml version="1.0" encoding="UTF-8"?>
<!-- Generated by org.testng.reporters.JUnitReportReporter -->
<testsuite hostname="PraveenMS" name="com.migme.android.AndroidDriverScript" tests="1" failures="0" timestamp="23 Feb 2015 05:36:18 GMT" time="167.417" errors="0">
  <testcase name="main" time="167.417" classname="com.migme.android.AndroidDriverScript"/>
</testsuite> <!-- com.migme.android.AndroidDriverScript -->
